c:\p4\graphicsprogramming2\studentgradworks\overlord_jens\overlordeditor\debug\main.obj
c:\p4\graphicsprogramming2\studentgradworks\overlord_jens\overlordeditor\debug\moc_d3drenderwidget.obj
c:\p4\graphicsprogramming2\studentgradworks\overlord_jens\overlordeditor\debug\d3drenderwidget.obj
c:\p4\graphicsprogramming2\studentgradworks\overlord_jens\overlordeditor\debug\overlordeditor.obj
c:\p4\graphicsprogramming2\studentgradworks\overlord_jens\overlordeditor\debug\maingame.obj
c:\p4\graphicsprogramming2\studentgradworks\overlord_jens\overlordeditor\debug\moc_overlordeditor.obj
c:\p4\graphicsprogramming2\studentgradworks\overlord_jens\overlordeditor\debug\qrc_overlordeditor.obj
c:\p4\graphicsprogramming2\studentgradworks\overlord_jens\overlordeditor\debug\pickscene.obj
c:\p4\graphicsprogramming2\studentgradworks\overlord_jens\overlordeditor\debug\vc141.pdb
c:\p4\graphicsprogramming2\studentgradworks\overlord_jens\overlordeditor\debug\editorscene.obj
c:\p4\graphicsprogramming2\studentgradworks\overlord_jens\overlordeditor\debug\moc_assetmanagerwidget.obj
c:\p4\graphicsprogramming2\studentgradworks\overlord_jens\overlordeditor\debug\assetmanagerwidget.obj
c:\p4\graphicsprogramming2\studentgradworks\overlord_jens\win32\debug\overlordeditor.ilk
c:\p4\graphicsprogramming2\studentgradworks\overlord_jens\win32\debug\overlordeditor.exe
c:\p4\graphicsprogramming2\studentgradworks\overlord_jens\win32\debug\overlordeditor.pdb
c:\p4\graphicsprogramming2\studentgradworks\overlord_jens\overlordeditor\generatedfiles\debug\moc_overlordeditor.cpp
c:\p4\graphicsprogramming2\studentgradworks\overlord_jens\overlordeditor\generatedfiles\debug\moc_d3drenderwidget.cpp
c:\p4\graphicsprogramming2\studentgradworks\overlord_jens\overlordeditor\generatedfiles\qrc_overlordeditor.cpp
c:\p4\graphicsprogramming2\studentgradworks\overlord_jens\overlordeditor\generatedfiles\ui_d3drenderwidget.h
c:\p4\graphicsprogramming2\studentgradworks\overlord_jens\overlordeditor\generatedfiles\ui_overlordeditor.h
c:\p4\graphicsprogramming2\studentgradworks\overlord_jens\overlordeditor\generatedfiles\debug\moc_assetmanagerwidget.cpp
c:\p4\graphicsprogramming2\studentgradworks\overlord_jens\overlordeditor\.\generatedfiles\debug\moc_overlordeditor.cpp
c:\p4\graphicsprogramming2\studentgradworks\overlord_jens\overlordeditor\.\generatedfiles\debug\moc_d3drenderwidget.cpp
c:\p4\graphicsprogramming2\studentgradworks\overlord_jens\overlordeditor\.\generatedfiles\debug\moc_assetmanagerwidget.cpp
c:\p4\graphicsprogramming2\studentgradworks\overlord_jens\overlordeditor\.\generatedfiles\qrc_overlordeditor.cpp
c:\p4\graphicsprogramming2\studentgradworks\overlord_jens\overlordeditor\.\generatedfiles\ui_overlordeditor.h
c:\p4\graphicsprogramming2\studentgradworks\overlord_jens\overlordeditor\debug\overlordeditor.res
c:\p4\graphicsprogramming2\studentgradworks\overlord_jens\overlordeditor\debug\overlordeditor.tlog\cl.command.1.tlog
c:\p4\graphicsprogramming2\studentgradworks\overlord_jens\overlordeditor\debug\overlordeditor.tlog\cl.read.1.tlog
c:\p4\graphicsprogramming2\studentgradworks\overlord_jens\overlordeditor\debug\overlordeditor.tlog\cl.write.1.tlog
c:\p4\graphicsprogramming2\studentgradworks\overlord_jens\overlordeditor\debug\overlordeditor.tlog\link.command.1.tlog
c:\p4\graphicsprogramming2\studentgradworks\overlord_jens\overlordeditor\debug\overlordeditor.tlog\link.read.1.tlog
c:\p4\graphicsprogramming2\studentgradworks\overlord_jens\overlordeditor\debug\overlordeditor.tlog\link.write.1.tlog
c:\p4\graphicsprogramming2\studentgradworks\overlord_jens\overlordeditor\debug\overlordeditor.tlog\overlordeditor.write.1u.tlog
c:\p4\graphicsprogramming2\studentgradworks\overlord_jens\overlordeditor\debug\overlordeditor.tlog\qtmoc.read.1u.tlog
c:\p4\graphicsprogramming2\studentgradworks\overlord_jens\overlordeditor\debug\overlordeditor.tlog\qtmoc.write.1u.tlog
c:\p4\graphicsprogramming2\studentgradworks\overlord_jens\overlordeditor\debug\overlordeditor.tlog\qtrcc.read.1u.tlog
c:\p4\graphicsprogramming2\studentgradworks\overlord_jens\overlordeditor\debug\overlordeditor.tlog\qtrcc.write.1u.tlog
c:\p4\graphicsprogramming2\studentgradworks\overlord_jens\overlordeditor\debug\overlordeditor.tlog\qtuic.read.1u.tlog
c:\p4\graphicsprogramming2\studentgradworks\overlord_jens\overlordeditor\debug\overlordeditor.tlog\qtuic.write.1u.tlog
c:\p4\graphicsprogramming2\studentgradworks\overlord_jens\overlordeditor\debug\overlordeditor.tlog\rc.command.1.tlog
c:\p4\graphicsprogramming2\studentgradworks\overlord_jens\overlordeditor\debug\overlordeditor.tlog\rc.read.1.tlog
c:\p4\graphicsprogramming2\studentgradworks\overlord_jens\overlordeditor\debug\overlordeditor.tlog\rc.write.1.tlog
