c:\p4\graphicsprogramming2\studentgradworks\overlord_jens\overlordeditor\x64\debug\d3drenderwidget.obj
c:\p4\graphicsprogramming2\studentgradworks\overlord_jens\overlordeditor\x64\debug\qrc_overlordeditor.obj
c:\p4\graphicsprogramming2\studentgradworks\overlord_jens\overlordeditor\x64\debug\moc_d3drenderwidget.obj
c:\p4\graphicsprogramming2\studentgradworks\overlord_jens\overlordeditor\x64\debug\main.obj
c:\p4\graphicsprogramming2\studentgradworks\overlord_jens\overlordeditor\x64\debug\overlordeditor.obj
c:\p4\graphicsprogramming2\studentgradworks\overlord_jens\overlordeditor\x64\debug\pickscenetest.obj
c:\p4\graphicsprogramming2\studentgradworks\overlord_jens\overlordeditor\x64\debug\moc_overlordeditor.obj
c:\p4\graphicsprogramming2\studentgradworks\overlord_jens\overlordeditor\x64\debug\vc141.pdb
c:\p4\graphicsprogramming2\studentgradworks\overlord_jens\overlordeditor\generatedfiles\debug\moc_overlordeditor.cpp
c:\p4\graphicsprogramming2\studentgradworks\overlord_jens\overlordeditor\generatedfiles\debug\moc_d3drenderwidget.cpp
c:\p4\graphicsprogramming2\studentgradworks\overlord_jens\overlordeditor\generatedfiles\qrc_overlordeditor.cpp
c:\p4\graphicsprogramming2\studentgradworks\overlord_jens\overlordeditor\generatedfiles\ui_d3drenderwidget.h
c:\p4\graphicsprogramming2\studentgradworks\overlord_jens\overlordeditor\generatedfiles\ui_overlordeditor.h
c:\p4\graphicsprogramming2\studentgradworks\overlord_jens\overlordeditor\.\generatedfiles\debug\moc_overlordeditor.cpp
c:\p4\graphicsprogramming2\studentgradworks\overlord_jens\overlordeditor\.\generatedfiles\debug\moc_d3drenderwidget.cpp
c:\p4\graphicsprogramming2\studentgradworks\overlord_jens\overlordeditor\.\generatedfiles\qrc_overlordeditor.cpp
c:\p4\graphicsprogramming2\studentgradworks\overlord_jens\overlordeditor\.\generatedfiles\ui_d3drenderwidget.h
c:\p4\graphicsprogramming2\studentgradworks\overlord_jens\overlordeditor\.\generatedfiles\ui_overlordeditor.h
c:\p4\graphicsprogramming2\studentgradworks\overlord_jens\overlordeditor\x64\debug\overlordeditor.res
c:\p4\graphicsprogramming2\studentgradworks\overlord_jens\overlordeditor\x64\debug\overlordeditor.tlog\cl.10876.write.1.tlog
c:\p4\graphicsprogramming2\studentgradworks\overlord_jens\overlordeditor\x64\debug\overlordeditor.tlog\cl.command.1.tlog
c:\p4\graphicsprogramming2\studentgradworks\overlord_jens\overlordeditor\x64\debug\overlordeditor.tlog\cl.read.1.tlog
c:\p4\graphicsprogramming2\studentgradworks\overlord_jens\overlordeditor\x64\debug\overlordeditor.tlog\link.command.1.tlog
c:\p4\graphicsprogramming2\studentgradworks\overlord_jens\overlordeditor\x64\debug\overlordeditor.tlog\link.read.1.tlog
c:\p4\graphicsprogramming2\studentgradworks\overlord_jens\overlordeditor\x64\debug\overlordeditor.tlog\link.write.1.tlog
c:\p4\graphicsprogramming2\studentgradworks\overlord_jens\overlordeditor\x64\debug\overlordeditor.tlog\overlordeditor.write.1u.tlog
c:\p4\graphicsprogramming2\studentgradworks\overlord_jens\overlordeditor\x64\debug\overlordeditor.tlog\qtmoc.read.1u.tlog
c:\p4\graphicsprogramming2\studentgradworks\overlord_jens\overlordeditor\x64\debug\overlordeditor.tlog\qtmoc.write.1u.tlog
c:\p4\graphicsprogramming2\studentgradworks\overlord_jens\overlordeditor\x64\debug\overlordeditor.tlog\qtrcc.read.1u.tlog
c:\p4\graphicsprogramming2\studentgradworks\overlord_jens\overlordeditor\x64\debug\overlordeditor.tlog\qtrcc.write.1u.tlog
c:\p4\graphicsprogramming2\studentgradworks\overlord_jens\overlordeditor\x64\debug\overlordeditor.tlog\qtuic.read.1u.tlog
c:\p4\graphicsprogramming2\studentgradworks\overlord_jens\overlordeditor\x64\debug\overlordeditor.tlog\qtuic.write.1u.tlog
c:\p4\graphicsprogramming2\studentgradworks\overlord_jens\overlordeditor\x64\debug\overlordeditor.tlog\rc.command.1.tlog
c:\p4\graphicsprogramming2\studentgradworks\overlord_jens\overlordeditor\x64\debug\overlordeditor.tlog\rc.read.1.tlog
c:\p4\graphicsprogramming2\studentgradworks\overlord_jens\overlordeditor\x64\debug\overlordeditor.tlog\rc.write.1.tlog
